<?xml version="1.0" encoding="UTF-8"?>
<!-- Generated by org.testng.reporters.JUnitReportReporter -->
<testsuite hostname="DESKTOP-077G3EM" failures="0" tests="1" name="com.zee5.Android_HipiScripts.AndroidHiPiNeoP2" time="5656.646" errors="0" timestamp="14 Jun 2022 11:09:05 GMT">
  <testcase classname="com.zee5.Android_HipiScripts.AndroidHiPiNeoP2" name="SettingsAndprivacyP2TCs" time="5656.646"/>
</testsuite> <!-- com.zee5.Android_HipiScripts.AndroidHiPiNeoP2 -->
