<?xml version="1.0" encoding="UTF-8"?>
<!-- Generated by org.testng.reporters.JUnitReportReporter -->
<testsuite hostname="DESKTOP-077G3EM" failures="0" tests="2" name="com.zee5.Android_HipiScripts.Android_MWEB" time="108.729" errors="0" timestamp="22 Nov 2022 06:39:21 GMT">
  <testcase classname="com.zee5.Android_HipiScripts.Android_MWEB" name="launchApptime" time="51.938"/>
  <testcase classname="com.zee5.Android_HipiScripts.Android_MWEB" name="Login" time="56.791"/>
</testsuite> <!-- com.zee5.Android_HipiScripts.Android_MWEB -->
