<?xml version="1.0" encoding="UTF-8"?>
<!-- Generated by org.testng.reporters.JUnitReportReporter -->
<testsuite hostname="DESKTOP-077G3EM" failures="0" tests="1" name="com.zee5.Android_HipiScripts.AndroidHiPiNeoP0" time="91.546" errors="0" timestamp="23 Dec 2022 09:56:17 GMT">
  <testcase classname="com.zee5.Android_HipiScripts.AndroidHiPiNeoP0" name="FeedPart3ModulesTcs" time="91.546"/>
</testsuite> <!-- com.zee5.Android_HipiScripts.AndroidHiPiNeoP0 -->
