<?xml version="1.0" encoding="UTF-8"?>
<!-- Generated by org.testng.reporters.JUnitReportReporter -->
<testsuite hostname="DESKTOP-077G3EM" failures="0" tests="1" name="com.zee5.Android_HipiScripts.AndroidHiPiNeoP1" time="78.816" errors="0" timestamp="23 Dec 2022 11:30:11 GMT">
  <testcase classname="com.zee5.Android_HipiScripts.AndroidHiPiNeoP1" name="PostScreenNewP1TCs" time="78.816"/>
</testsuite> <!-- com.zee5.Android_HipiScripts.AndroidHiPiNeoP1 -->
