<?xml version="1.0" encoding="UTF-8"?>
<!-- Generated by org.testng.reporters.JUnitReportReporter -->
<testsuite hostname="DESKTOP-077G3EM" failures="0" tests="1" name="com.zee5.Android_HipiScripts.Android_MWEB" time="141.554" errors="0" timestamp="25 Oct 2023 06:47:59 GMT">
  <testcase classname="com.zee5.Android_HipiScripts.Android_MWEB" name="launchApptime" time="141.554"/>
</testsuite> <!-- com.zee5.Android_HipiScripts.Android_MWEB -->
