<?xml version="1.0" encoding="UTF-8"?>
<!-- Generated by org.testng.reporters.JUnitReportReporter -->
<testsuite hostname="DESKTOP-GKK6U32" failures="0" tests="1" name="com.zee5.Android_HipiScripts.Android_MWEB" time="575.103" errors="0" timestamp="23 May 2023 12:48:25 GMT">
  <testcase classname="com.zee5.Android_HipiScripts.Android_MWEB" name="FeedP0TCs" time="575.103"/>
</testsuite> <!-- com.zee5.Android_HipiScripts.Android_MWEB -->
