<?xml version="1.0" encoding="UTF-8"?>
<!-- Generated by org.testng.reporters.JUnitReportReporter -->
<testsuite hostname="DESKTOP-077G3EM" failures="0" tests="1" name="com.zee5.Android_HipiScripts.AndroidHiPiNeoP2" time="894.643" errors="0" timestamp="24 Jul 2023 08:00:32 GMT">
  <testcase classname="com.zee5.Android_HipiScripts.AndroidHiPiNeoP2" name="CreatorModuleNew" time="894.643"/>
</testsuite> <!-- com.zee5.Android_HipiScripts.AndroidHiPiNeoP2 -->
