<?xml version="1.0" encoding="UTF-8"?>
<!-- Generated by org.testng.reporters.JUnitReportReporter -->
<testsuite hostname="DESKTOP-077G3EM" failures="0" tests="1" name="com.zee5.Android_HipiScripts.AndroidHiPiNeoP0" time="106.996" errors="0" timestamp="16 Oct 2023 13:23:14 GMT">
  <testcase classname="com.zee5.Android_HipiScripts.AndroidHiPiNeoP0" name="Login" time="106.996"/>
</testsuite> <!-- com.zee5.Android_HipiScripts.AndroidHiPiNeoP0 -->
