<?xml version="1.0" encoding="UTF-8"?>
<!-- Generated by org.testng.reporters.JUnitReportReporter -->
<testsuite hostname="DESKTOP-077G3EM" failures="0" tests="1" name="com.zee5.Android_HipiScripts.AndroidHiPiNeoP1" time="72.717" errors="0" timestamp="8 Sep 2023 10:06:16 GMT">
  <testcase classname="com.zee5.Android_HipiScripts.AndroidHiPiNeoP1" name="DiscoverModuleNew" time="72.717"/>
</testsuite> <!-- com.zee5.Android_HipiScripts.AndroidHiPiNeoP1 -->
